<?xml version="1.0" encoding="UTF-8"?>
<testsuites>
  <testsuite name="checkmate" timestamp="2023-03-10T16:05:26Z" hostname="6cb4129463fc" tests="1" skipped="0" failures="0" errors="0" time="0.103">
    <testcase time="0.103" classname="checkmate" name="multiplication_works"/>
  </testsuite>
  <testsuite name="helpers-publish" timestamp="2023-03-10T16:05:26Z" hostname="6cb4129463fc" tests="22" skipped="1" failures="1" errors="0" time="1.114">
    <testcase time="0.089" classname="helpers_publish" name=".prepareToPublish_fails_gracefully_with_bad_input"/>
    <testcase time="0.00700000000000001" classname="helpers_publish" name=".prepareToPublish_fails_gracefully_with_bad_input"/>
    <testcase time="0.016" classname="helpers_publish" name=".prepareToPublish_fails_gracefully_with_bad_input"/>
    <testcase time="0.00700000000000001" classname="helpers_publish" name=".prepareToPublish_fails_gracefully_with_bad_input"/>
    <testcase time="0.00800000000000001" classname="helpers_publish" name=".prepareToPublish_fails_gracefully_with_bad_input"/>
    <testcase time="0.00700000000000001" classname="helpers_publish" name=".prepareToPublish_fails_gracefully_with_bad_input"/>
    <testcase time="0.0640000000000001" classname="helpers_publish" name=".prepareToPublish_fails_gracefully_with_bad_input">
      <failure type="failure" message="`.prepareToPublish(tempdir(), &quot;outFile&quot;, &quot;/badPath&quot;)` did not throw the expected error. ('test-helpers-publish.R:29')">`.prepareToPublish(tempdir(), "outFile", "/badPath")` did not throw the expected error.</failure>
    </testcase>
    <testcase time="0.231" classname="helpers_publish" name=".prepareToPublish_works"/>
    <testcase time="0.00499999999999989" classname="helpers_publish" name=".prepareToPublish_works"/>
    <testcase time="0.00800000000000001" classname="helpers_publish" name=".prepareToPublish_works"/>
    <testcase time="0.018" classname="helpers_publish" name=".prepareToPublish_works"/>
    <testcase time="0.016" classname="helpers_publish" name=".prepareToPublish_works"/>
    <testcase time="0.02" classname="helpers_publish" name="processProjectYAML_fails_gracefully_with_bad_input"/>
    <testcase time="0.01" classname="helpers_publish" name="processProjectYAML_fails_gracefully_with_bad_input"/>
    <testcase time="0.01" classname="helpers_publish" name="processProjectYAML_fails_gracefully_with_bad_input"/>
    <testcase time="0.0129999999999999" classname="helpers_publish" name="processProjectYAML_fails_gracefully_with_bad_input"/>
    <testcase time="0.01" classname="helpers_publish" name="processProjectYAML_fails_gracefully_with_bad_input"/>
    <testcase time="0.012" classname="helpers_publish" name="processProjectYAML_fails_gracefully_with_bad_input"/>
    <testcase time="0.0109999999999999" classname="helpers_publish" name="processProjectYAML_fails_gracefully_with_bad_input"/>
    <testcase time="0.541" classname="helpers_publish" name="processProjectYAML_works"/>
    <testcase time="0.00499999999999989" classname="helpers_publish" name="processProjectYAML_works"/>
    <testcase time="0.00600000000000001" classname="helpers_publish" name=".renderQuartoCompoundObject_works">
      <skipped message="Reason: empty test ('test-helpers-publish.R:113')"/>
    </testcase>
  </testsuite>
  <testsuite name="helpers" timestamp="2023-03-10T16:05:28Z" hostname="6cb4129463fc" tests="20" skipped="0" failures="0" errors="0" time="0.191">
    <testcase time="0.044" classname="helpers" name="isQuartoBook_works"/>
    <testcase time="0.004" classname="helpers" name="isQuartoBook_works"/>
    <testcase time="0.004" classname="helpers" name="isQuartoBook_works"/>
    <testcase time="0.004" classname="helpers" name="isQuartoBook_works"/>
    <testcase time="0.004" classname="helpers" name="isQuartoBook_works"/>
    <testcase time="0.0149999999999999" classname="helpers" name="isQuartoDocument_works"/>
    <testcase time="0.00600000000000001" classname="helpers" name="isQuartoDocument_works"/>
    <testcase time="0.00500000000000012" classname="helpers" name="isQuartoDocument_works"/>
    <testcase time="0.00499999999999989" classname="helpers" name="isQuartoDocument_works"/>
    <testcase time="0.00500000000000012" classname="helpers" name="isQuartoDocument_works"/>
    <testcase time="0.00800000000000001" classname="helpers" name="isQuartoWebsite_works"/>
    <testcase time="0.00499999999999989" classname="helpers" name="isQuartoWebsite_works"/>
    <testcase time="0.00500000000000012" classname="helpers" name="isQuartoWebsite_works"/>
    <testcase time="0.00499999999999989" classname="helpers" name="isQuartoWebsite_works"/>
    <testcase time="0.00600000000000001" classname="helpers" name="isQuartoWebsite_works"/>
    <testcase time="0.00800000000000001" classname="helpers" name="isQuartoObject_works"/>
    <testcase time="0.038" classname="helpers" name="isQuartoObject_works"/>
    <testcase time="0.00600000000000001" classname="helpers" name="isQuartoObject_works"/>
    <testcase time="0.00600000000000001" classname="helpers" name="isQuartoObject_works"/>
    <testcase time="0.00800000000000001" classname="helpers" name="isQuartoObject_works"/>
  </testsuite>
  <testsuite name="quartoobject-class" timestamp="2023-03-10T16:05:28Z" hostname="6cb4129463fc" tests="1" skipped="0" failures="0" errors="0" time="0.016">
    <testcase time="0.016" classname="quartoobject_class" name="multiplication_works"/>
  </testsuite>
  <testsuite name="quartoobject-methods" timestamp="2023-03-10T16:05:28Z" hostname="6cb4129463fc" tests="153" skipped="0" failures="0" errors="0" time="1.641">
    <testcase time="0.0209999999999999" classname="quartoobject_methods" name="addTemplatePath_fails_elegantly_with_bad_inputs"/>
    <testcase time="0.00900000000000012" classname="quartoobject_methods" name="addTemplatePath_fails_elegantly_with_bad_inputs"/>
    <testcase time="0.0129999999999999" classname="quartoobject_methods" name="addTemplatePath_fails_elegantly_with_bad_inputs"/>
    <testcase time="0.002" classname="quartoobject_methods" name="addTemplatePath_fails_elegantly_with_bad_inputs"/>
    <testcase time="0.00700000000000012" classname="quartoobject_methods" name="addTemplatePath_fails_elegantly_with_bad_inputs"/>
    <testcase time="0.00800000000000023" classname="quartoobject_methods" name="addTemplatePath_fails_elegantly_with_bad_inputs"/>
    <testcase time="0.0109999999999997" classname="quartoobject_methods" name="addTemplatePath_fails_elegantly_with_bad_inputs"/>
    <testcase time="0.00800000000000001" classname="quartoobject_methods" name="addTemplatePath_fails_elegantly_with_bad_inputs"/>
    <testcase time="0.00700000000000012" classname="quartoobject_methods" name="addTemplatePath_fails_elegantly_with_bad_inputs"/>
    <testcase time="0.00200000000000022" classname="quartoobject_methods" name="addTemplatePath_fails_elegantly_with_bad_inputs"/>
    <testcase time="0.0169999999999999" classname="quartoobject_methods" name="addTemplatePath_fails_elegantly_with_bad_inputs"/>
    <testcase time="0.00999999999999979" classname="quartoobject_methods" name="addTemplatePath_fails_elegantly_with_bad_inputs"/>
    <testcase time="0.0100000000000002" classname="quartoobject_methods" name="addTemplatePath_fails_elegantly_with_bad_inputs"/>
    <testcase time="0.00800000000000001" classname="quartoobject_methods" name="addTemplatePath_fails_elegantly_with_bad_inputs"/>
    <testcase time="0.00699999999999967" classname="quartoobject_methods" name="addTemplatePath_fails_elegantly_with_bad_inputs"/>
    <testcase time="0.00200000000000022" classname="quartoobject_methods" name="addTemplatePath_fails_elegantly_with_bad_inputs"/>
    <testcase time="0.00599999999999978" classname="quartoobject_methods" name="addTemplatePath_fails_elegantly_with_bad_inputs"/>
    <testcase time="0.0110000000000001" classname="quartoobject_methods" name="addTemplatePath_fails_elegantly_with_bad_inputs"/>
    <testcase time="0.0140000000000002" classname="quartoobject_methods" name="addTemplatePath_fails_elegantly_with_bad_inputs"/>
    <testcase time="0.00800000000000001" classname="quartoobject_methods" name="addTemplatePath_fails_elegantly_with_bad_inputs"/>
    <testcase time="0.0109999999999997" classname="quartoobject_methods" name="addTemplatePath_works_correctly"/>
    <testcase time="0.00600000000000023" classname="quartoobject_methods" name="addTemplatePath_works_correctly"/>
    <testcase time="0.00700000000000012" classname="quartoobject_methods" name="addTemplatePath_works_correctly"/>
    <testcase time="0.00999999999999979" classname="quartoobject_methods" name="addTemplatePath_works_correctly"/>
    <testcase time="0.00600000000000023" classname="quartoobject_methods" name="addTemplatePath_works_correctly"/>
    <testcase time="0.00599999999999978" classname="quartoobject_methods" name="addTemplatePath_works_correctly"/>
    <testcase time="0.012" classname="quartoobject_methods" name="removeTemplatePath_fails_elegantly_with_bad_inputs"/>
    <testcase time="0.00700000000000012" classname="quartoobject_methods" name="removeTemplatePath_fails_elegantly_with_bad_inputs"/>
    <testcase time="0.00599999999999978" classname="quartoobject_methods" name="removeTemplatePath_fails_elegantly_with_bad_inputs"/>
    <testcase time="0.012" classname="quartoobject_methods" name="removeTemplatePath_fails_elegantly_with_bad_inputs"/>
    <testcase time="0.00600000000000023" classname="quartoobject_methods" name="removeTemplatePath_fails_elegantly_with_bad_inputs"/>
    <testcase time="0.00699999999999967" classname="quartoobject_methods" name="removeTemplatePath_fails_elegantly_with_bad_inputs"/>
    <testcase time="0.00800000000000001" classname="quartoobject_methods" name="removeTemplatePath_fails_elegantly_with_bad_inputs"/>
    <testcase time="0.00700000000000012" classname="quartoobject_methods" name="removeTemplatePath_fails_elegantly_with_bad_inputs"/>
    <testcase time="0.00700000000000012" classname="quartoobject_methods" name="removeTemplatePath_fails_elegantly_with_bad_inputs"/>
    <testcase time="0.0139999999999998" classname="quartoobject_methods" name="removeTemplatePath_fails_elegantly_with_bad_inputs"/>
    <testcase time="0.0100000000000002" classname="quartoobject_methods" name="removeTemplatePath_fails_elegantly_with_bad_inputs"/>
    <testcase time="0.012" classname="quartoobject_methods" name="removeTemplatePath_works_correctly"/>
    <testcase time="0.00599999999999978" classname="quartoobject_methods" name="removeTemplatePath_works_correctly"/>
    <testcase time="0.00900000000000034" classname="quartoobject_methods" name="removeTemplatePath_works_correctly"/>
    <testcase time="0.0109999999999997" classname="quartoobject_methods" name="removeTemplatePath_works_correctly"/>
    <testcase time="0.0100000000000002" classname="quartoobject_methods" name="removeTemplatePath_works_correctly"/>
    <testcase time="0.00699999999999967" classname="quartoobject_methods" name="removeTemplatePath_works_correctly"/>
    <testcase time="0.00800000000000001" classname="quartoobject_methods" name="removeTemplatePath_works_correctly"/>
    <testcase time="0.00800000000000001" classname="quartoobject_methods" name="removeTemplatePath_works_correctly"/>
    <testcase time="0.00800000000000001" classname="quartoobject_methods" name="removeTemplatePath_works_correctly"/>
    <testcase time="0.00700000000000012" classname="quartoobject_methods" name="removeTemplatePath_works_correctly"/>
    <testcase time="0.0129999999999999" classname="quartoobject_methods" name="removeTemplatePath_works_correctly"/>
    <testcase time="0.00700000000000012" classname="quartoobject_methods" name="removeTemplatePath_works_correctly"/>
    <testcase time="0.0129999999999999" classname="quartoobject_methods" name="locateTemplate_fails_elegantly_with_bad_inputs"/>
    <testcase time="0.0190000000000001" classname="quartoobject_methods" name="locateTemplate_fails_elegantly_with_bad_inputs"/>
    <testcase time="0.0129999999999999" classname="quartoobject_methods" name="locateTemplate_fails_elegantly_with_bad_inputs"/>
    <testcase time="0.0100000000000002" classname="quartoobject_methods" name="locateTemplate_fails_elegantly_with_bad_inputs"/>
    <testcase time="0.0109999999999997" classname="quartoobject_methods" name="locateTemplate_fails_elegantly_with_bad_inputs"/>
    <testcase time="0.00900000000000034" classname="quartoobject_methods" name="locateTemplate_fails_elegantly_with_bad_inputs"/>
    <testcase time="0.00800000000000001" classname="quartoobject_methods" name="locateTemplate_fails_elegantly_with_bad_inputs"/>
    <testcase time="0.0129999999999999" classname="quartoobject_methods" name="locateTemplate_fails_elegantly_with_bad_inputs"/>
    <testcase time="0.0110000000000001" classname="quartoobject_methods" name="locateTemplate_fails_elegantly_with_bad_inputs"/>
    <testcase time="0.00800000000000001" classname="quartoobject_methods" name="locateTemplate_fails_elegantly_with_bad_inputs"/>
    <testcase time="0.0089999999999999" classname="quartoobject_methods" name="locateTemplate_fails_elegantly_with_bad_inputs"/>
    <testcase time="0.0129999999999999" classname="quartoobject_methods" name="locateTemplate_fails_elegantly_with_bad_inputs"/>
    <testcase time="0.0220000000000002" classname="quartoobject_methods" name="locateTemplate_fails_elegantly_with_bad_inputs"/>
    <testcase time="0.016" classname="quartoobject_methods" name="locateTemplate_fails_elegantly_with_bad_inputs"/>
    <testcase time="0.0149999999999997" classname="quartoobject_methods" name="locateTemplate_works"/>
    <testcase time="0.012" classname="quartoobject_methods" name="locateTemplate_works"/>
    <testcase time="0.024" classname="quartoobject_methods" name="locateTemplate_works"/>
    <testcase time="0.0150000000000001" classname="quartoobject_methods" name="locateTemplate_works"/>
    <testcase time="0.0110000000000001" classname="quartoobject_methods" name="locateTemplate_works"/>
    <testcase time="0.0089999999999999" classname="quartoobject_methods" name="locateTemplate_works"/>
    <testcase time="0.00800000000000001" classname="quartoobject_methods" name="locateTemplate_works"/>
    <testcase time="0.00999999999999979" classname="quartoobject_methods" name="locateTemplate_works"/>
    <testcase time="0.04" classname="quartoobject_methods" name="locateTemplate_works"/>
    <testcase time="0.00800000000000001" classname="quartoobject_methods" name="locateTemplate_works"/>
    <testcase time="0.0150000000000001" classname="quartoobject_methods" name="locateTemplate_works"/>
    <testcase time="0.00800000000000001" classname="quartoobject_methods" name="locateTemplate_works"/>
    <testcase time="0.0100000000000002" classname="quartoobject_methods" name="locateTemplate_works"/>
    <testcase time="0.00800000000000001" classname="quartoobject_methods" name="locateTemplate_works"/>
    <testcase time="0.00699999999999967" classname="quartoobject_methods" name="locateTemplate_works"/>
    <testcase time="0.00800000000000001" classname="quartoobject_methods" name="locateTemplate_works"/>
    <testcase time="0.0130000000000003" classname="quartoobject_methods" name="locateTemplate_works"/>
    <testcase time="0.00699999999999967" classname="quartoobject_methods" name="locateTemplate_works"/>
    <testcase time="0.0100000000000002" classname="quartoobject_methods" name="locateTemplate_works"/>
    <testcase time="0.00800000000000001" classname="quartoobject_methods" name="locateTemplate_works"/>
    <testcase time="0.016" classname="quartoobject_methods" name="locateTemplate_works"/>
    <testcase time="0.0129999999999999" classname="quartoobject_methods" name="locateTemplate_works"/>
    <testcase time="0.0129999999999999" classname="quartoobject_methods" name="locateTemplate_works"/>
    <testcase time="0.0110000000000001" classname="quartoobject_methods" name="locateTemplate_works"/>
    <testcase time="0.0150000000000001" classname="quartoobject_methods" name="addChapter_fails_elegantly_with_bad_inputs"/>
    <testcase time="0.0089999999999999" classname="quartoobject_methods" name="addChapter_fails_elegantly_with_bad_inputs"/>
    <testcase time="0.02" classname="quartoobject_methods" name="addChapter_fails_elegantly_with_bad_inputs"/>
    <testcase time="0.0089999999999999" classname="quartoobject_methods" name="addChapter_fails_elegantly_with_bad_inputs"/>
    <testcase time="0.0100000000000002" classname="quartoobject_methods" name="addChapter_fails_elegantly_with_bad_inputs"/>
    <testcase time="0.012" classname="quartoobject_methods" name="addChapter_fails_elegantly_with_bad_inputs"/>
    <testcase time="0.0089999999999999" classname="quartoobject_methods" name="addChapter_fails_elegantly_with_bad_inputs"/>
    <testcase time="0.02" classname="quartoobject_methods" name="addChapter_fails_elegantly_with_bad_inputs"/>
    <testcase time="0.0089999999999999" classname="quartoobject_methods" name="addChapter_fails_elegantly_with_bad_inputs"/>
    <testcase time="0.00999999999999979" classname="quartoobject_methods" name="addChapter_fails_elegantly_with_bad_inputs"/>
    <testcase time="0.016" classname="quartoobject_methods" name="addChapter_fails_elegantly_with_bad_inputs"/>
    <testcase time="0.0130000000000003" classname="quartoobject_methods" name="addChapter_fails_elegantly_with_bad_inputs"/>
    <testcase time="0.00999999999999979" classname="quartoobject_methods" name="addChapter_fails_elegantly_with_bad_inputs"/>
    <testcase time="0.0089999999999999" classname="quartoobject_methods" name="addChapter_fails_elegantly_with_bad_inputs"/>
    <testcase time="0.00900000000000034" classname="quartoobject_methods" name="addChapter_fails_elegantly_with_bad_inputs"/>
    <testcase time="0.0129999999999999" classname="quartoobject_methods" name="addChapter_fails_elegantly_with_bad_inputs"/>
    <testcase time="0.016" classname="quartoobject_methods" name="addChapter_fails_elegantly_with_bad_inputs"/>
    <testcase time="0.0110000000000001" classname="quartoobject_methods" name="addChapter_works"/>
    <testcase time="0.00699999999999967" classname="quartoobject_methods" name="addChapter_works"/>
    <testcase time="0.00700000000000012" classname="quartoobject_methods" name="addChapter_works"/>
    <testcase time="0.00700000000000012" classname="quartoobject_methods" name="addChapter_works"/>
    <testcase time="0.0129999999999999" classname="quartoobject_methods" name="addChapter_works"/>
    <testcase time="0.00700000000000012" classname="quartoobject_methods" name="addChapter_works"/>
    <testcase time="0.0089999999999999" classname="quartoobject_methods" name="addChapter_works"/>
    <testcase time="0.00600000000000023" classname="quartoobject_methods" name="addChapter_works"/>
    <testcase time="0.00699999999999967" classname="quartoobject_methods" name="addChapter_works"/>
    <testcase time="0.0190000000000001" classname="quartoobject_methods" name="removeChapter_fails_elegantly_with_bad_inputs"/>
    <testcase time="0.0089999999999999" classname="quartoobject_methods" name="removeChapter_fails_elegantly_with_bad_inputs"/>
    <testcase time="0.0100000000000002" classname="quartoobject_methods" name="removeChapter_fails_elegantly_with_bad_inputs"/>
    <testcase time="0.0089999999999999" classname="quartoobject_methods" name="removeChapter_fails_elegantly_with_bad_inputs"/>
    <testcase time="0.0089999999999999" classname="quartoobject_methods" name="removeChapter_fails_elegantly_with_bad_inputs"/>
    <testcase time="0.0150000000000001" classname="quartoobject_methods" name="removeChapter_fails_elegantly_with_bad_inputs"/>
    <testcase time="0.00999999999999979" classname="quartoobject_methods" name="removeChapter_fails_elegantly_with_bad_inputs"/>
    <testcase time="0.00900000000000034" classname="quartoobject_methods" name="removeChapter_fails_elegantly_with_bad_inputs"/>
    <testcase time="0.0089999999999999" classname="quartoobject_methods" name="removeChapter_fails_elegantly_with_bad_inputs"/>
    <testcase time="0.0089999999999999" classname="quartoobject_methods" name="removeChapter_fails_elegantly_with_bad_inputs"/>
    <testcase time="0.0150000000000001" classname="quartoobject_methods" name="removeChapter_fails_elegantly_with_bad_inputs"/>
    <testcase time="0.0089999999999999" classname="quartoobject_methods" name="removeChapter_fails_elegantly_with_bad_inputs"/>
    <testcase time="0.0089999999999999" classname="quartoobject_methods" name="removeChapter_fails_elegantly_with_bad_inputs"/>
    <testcase time="0.00900000000000034" classname="quartoobject_methods" name="removeChapter_fails_elegantly_with_bad_inputs"/>
    <testcase time="0.0129999999999999" classname="quartoobject_methods" name="removeChapter_fails_elegantly_with_bad_inputs"/>
    <testcase time="0.012" classname="quartoobject_methods" name="removeChapter_fails_elegantly_with_bad_inputs"/>
    <testcase time="0.0110000000000001" classname="quartoobject_methods" name="removeChapter_fails_elegantly_with_bad_inputs"/>
    <testcase time="0.012" classname="quartoobject_methods" name="removeChapter_works"/>
    <testcase time="0.0109999999999997" classname="quartoobject_methods" name="removeChapter_works"/>
    <testcase time="0.00700000000000012" classname="quartoobject_methods" name="removeChapter_works"/>
    <testcase time="0.00700000000000012" classname="quartoobject_methods" name="removeChapter_works"/>
    <testcase time="0.00699999999999967" classname="quartoobject_methods" name="removeChapter_works"/>
    <testcase time="0.00600000000000023" classname="quartoobject_methods" name="removeChapter_works"/>
    <testcase time="0.0259999999999998" classname="quartoobject_methods" name="removeChapter_works"/>
    <testcase time="0.00700000000000012" classname="quartoobject_methods" name="removeChapter_works"/>
    <testcase time="0.00700000000000012" classname="quartoobject_methods" name="removeChapter_works"/>
    <testcase time="0.00599999999999978" classname="quartoobject_methods" name="removeChapter_works"/>
    <testcase time="0.00700000000000012" classname="quartoobject_methods" name="removeChapter_works"/>
    <testcase time="0.0110000000000001" classname="quartoobject_methods" name="removeChapter_works"/>
    <testcase time="0.0089999999999999" classname="quartoobject_methods" name="removeChapter_works"/>
    <testcase time="0.00600000000000023" classname="quartoobject_methods" name="removeChapter_works"/>
    <testcase time="0.00699999999999967" classname="quartoobject_methods" name="removeChapter_works"/>
    <testcase time="0.00700000000000012" classname="quartoobject_methods" name="removeChapter_works"/>
    <testcase time="0.0110000000000001" classname="quartoobject_methods" name="removeChapter_works"/>
    <testcase time="0.0149999999999997" classname="quartoobject_methods" name="removeChapter_works"/>
    <testcase time="0.02" classname="quartoobject_methods" name="publish_fails_gracefully_with_bad_input"/>
    <testcase time="0.0380000000000003" classname="quartoobject_methods" name="publish_fails_gracefully_with_bad_input"/>
    <testcase time="0.0129999999999999" classname="quartoobject_methods" name="publish_fails_gracefully_with_bad_input"/>
    <testcase time="0.0129999999999999" classname="quartoobject_methods" name="publish_fails_gracefully_with_bad_input"/>
    <testcase time="0.016" classname="quartoobject_methods" name="publish_fails_gracefully_with_bad_input"/>
  </testsuite>
  <testsuite name="ymlthis" timestamp="2023-03-10T16:05:29Z" hostname="6cb4129463fc" tests="25" skipped="0" failures="0" errors="0" time="0.579">
    <testcase time="0.024" classname="ymlthis" name="yml_book_works"/>
    <testcase time="0.00499999999999989" classname="ymlthis" name="yml_book_works"/>
    <testcase time="0.00500000000000034" classname="ymlthis" name="yml_book_works"/>
    <testcase time="0.0109999999999997" classname="ymlthis" name="yml_project_works"/>
    <testcase time="0.012" classname="ymlthis" name="yml_project_works"/>
    <testcase time="0.02" classname="ymlthis" name="yml_project_works"/>
    <testcase time="0.012" classname="ymlthis" name="yml_project_works"/>
    <testcase time="0.0110000000000001" classname="ymlthis" name="yml_project_works"/>
    <testcase time="0.00499999999999989" classname="ymlthis" name="yml_project_works"/>
    <testcase time="0.00500000000000034" classname="ymlthis" name="yml_project_works"/>
    <testcase time="0.0219999999999998" classname="ymlthis" name="parameterTibbleToYAML_works"/>
    <testcase time="0.00999999999999979" classname="ymlthis" name="parameterTibbleToYAML_works"/>
    <testcase time="0.236" classname="ymlthis" name="parameterTibbleToYAML_works"/>
    <testcase time="0.0110000000000001" classname="ymlthis" name=".readYamlFrontMatter_fails_gracefully_with_bad_input"/>
    <testcase time="0.00699999999999967" classname="ymlthis" name=".readYamlFrontMatter_fails_gracefully_with_bad_input"/>
    <testcase time="0.0840000000000005" classname="ymlthis" name=".readYamlFrontMatter_works"/>
    <testcase time="0.0129999999999999" classname="ymlthis" name="replaceYamlParams_fails_gracefully_with_bad_input"/>
    <testcase time="0.00999999999999979" classname="ymlthis" name="replaceYamlParams_fails_gracefully_with_bad_input"/>
    <testcase time="0.00900000000000034" classname="ymlthis" name="replaceYamlParams_fails_gracefully_with_bad_input"/>
    <testcase time="0.00899999999999945" classname="ymlthis" name="replaceYamlParams_fails_gracefully_with_bad_input"/>
    <testcase time="0.00999999999999979" classname="ymlthis" name="replaceYamlParams_fails_gracefully_with_bad_input"/>
    <testcase time="0.0110000000000001" classname="ymlthis" name="replaceYamlParams_fails_gracefully_with_bad_input"/>
    <testcase time="0.00999999999999979" classname="ymlthis" name="replaceYamlParams_fails_gracefully_with_bad_input"/>
    <testcase time="0.0120000000000005" classname="ymlthis" name="replaceYamlParams_fails_gracefully_with_bad_input"/>
    <testcase time="0.0149999999999997" classname="ymlthis" name="replaceYamlParams_works"/>
  </testsuite>
</testsuites>
