<?xml version="1.0" encoding="UTF-8"?>
<testsuites>
  <testsuite name="checkmate" timestamp="2023-03-09T16:33:09Z" hostname="6d434048faed" tests="1" skipped="0" failures="0" errors="0" time="0.092">
    <testcase time="0.092" classname="checkmate" name="multiplication_works"/>
  </testsuite>
  <testsuite name="helpers-publish" timestamp="2023-03-09T16:33:09Z" hostname="6d434048faed" tests="22" skipped="1" failures="1" errors="0" time="0.882">
    <testcase time="0.071" classname="helpers_publish" name=".prepareToPublish_fails_gracefully_with_bad_input"/>
    <testcase time="0.00600000000000001" classname="helpers_publish" name=".prepareToPublish_fails_gracefully_with_bad_input"/>
    <testcase time="0.012" classname="helpers_publish" name=".prepareToPublish_fails_gracefully_with_bad_input"/>
    <testcase time="0.00600000000000001" classname="helpers_publish" name=".prepareToPublish_fails_gracefully_with_bad_input"/>
    <testcase time="0.005" classname="helpers_publish" name=".prepareToPublish_fails_gracefully_with_bad_input"/>
    <testcase time="0.005" classname="helpers_publish" name=".prepareToPublish_fails_gracefully_with_bad_input"/>
    <testcase time="0.05" classname="helpers_publish" name=".prepareToPublish_fails_gracefully_with_bad_input">
      <failure type="failure" message="`.prepareToPublish(tempdir(), &quot;outFile&quot;, &quot;/badPath&quot;)` did not throw the expected error. ('test-helpers-publish.R:29')">`.prepareToPublish(tempdir(), "outFile", "/badPath")` did not throw the expected error.</failure>
    </testcase>
    <testcase time="0.176" classname="helpers_publish" name=".prepareToPublish_works"/>
    <testcase time="0.00800000000000001" classname="helpers_publish" name=".prepareToPublish_works"/>
    <testcase time="0.00600000000000001" classname="helpers_publish" name=".prepareToPublish_works"/>
    <testcase time="0.016" classname="helpers_publish" name=".prepareToPublish_works"/>
    <testcase time="0.01" classname="helpers_publish" name=".prepareToPublish_works"/>
    <testcase time="0.015" classname="helpers_publish" name="processProjectYAML_fails_gracefully_with_bad_input"/>
    <testcase time="0.00900000000000001" classname="helpers_publish" name="processProjectYAML_fails_gracefully_with_bad_input"/>
    <testcase time="0.00800000000000001" classname="helpers_publish" name="processProjectYAML_fails_gracefully_with_bad_input"/>
    <testcase time="0.011" classname="helpers_publish" name="processProjectYAML_fails_gracefully_with_bad_input"/>
    <testcase time="0.00900000000000001" classname="helpers_publish" name="processProjectYAML_fails_gracefully_with_bad_input"/>
    <testcase time="0.0079999999999999" classname="helpers_publish" name="processProjectYAML_fails_gracefully_with_bad_input"/>
    <testcase time="0.00700000000000001" classname="helpers_publish" name="processProjectYAML_fails_gracefully_with_bad_input"/>
    <testcase time="0.436" classname="helpers_publish" name="processProjectYAML_works"/>
    <testcase time="0.004" classname="helpers_publish" name="processProjectYAML_works"/>
    <testcase time="0.004" classname="helpers_publish" name=".renderQuartoCompoundObject_works">
      <skipped message="Reason: empty test ('test-helpers-publish.R:113')"/>
    </testcase>
  </testsuite>
  <testsuite name="helpers" timestamp="2023-03-09T16:33:10Z" hostname="6d434048faed" tests="20" skipped="0" failures="0" errors="0" time="0.15">
    <testcase time="0.0389999999999999" classname="helpers" name="isQuartoBook_works"/>
    <testcase time="0.00300000000000011" classname="helpers" name="isQuartoBook_works"/>
    <testcase time="0.004" classname="helpers" name="isQuartoBook_works"/>
    <testcase time="0.00299999999999989" classname="helpers" name="isQuartoBook_works"/>
    <testcase time="0.004" classname="helpers" name="isQuartoBook_works"/>
    <testcase time="0.00600000000000001" classname="helpers" name="isQuartoDocument_works"/>
    <testcase time="0.00700000000000012" classname="helpers" name="isQuartoDocument_works"/>
    <testcase time="0.00299999999999989" classname="helpers" name="isQuartoDocument_works"/>
    <testcase time="0.004" classname="helpers" name="isQuartoDocument_works"/>
    <testcase time="0.00300000000000011" classname="helpers" name="isQuartoDocument_works"/>
    <testcase time="0.00600000000000001" classname="helpers" name="isQuartoWebsite_works"/>
    <testcase time="0.00299999999999989" classname="helpers" name="isQuartoWebsite_works"/>
    <testcase time="0.004" classname="helpers" name="isQuartoWebsite_works"/>
    <testcase time="0.00300000000000011" classname="helpers" name="isQuartoWebsite_works"/>
    <testcase time="0.004" classname="helpers" name="isQuartoWebsite_works"/>
    <testcase time="0.00600000000000001" classname="helpers" name="isQuartoObject_works"/>
    <testcase time="0.0349999999999999" classname="helpers" name="isQuartoObject_works"/>
    <testcase time="0.00499999999999989" classname="helpers" name="isQuartoObject_works"/>
    <testcase time="0.004" classname="helpers" name="isQuartoObject_works"/>
    <testcase time="0.004" classname="helpers" name="isQuartoObject_works"/>
  </testsuite>
  <testsuite name="quartobook-class" timestamp="2023-03-09T16:33:10Z" hostname="6d434048faed" tests="1" skipped="0" failures="0" errors="0" time="0.009">
    <testcase time="0.00900000000000012" classname="quartobook_class" name="multiplication_works"/>
  </testsuite>
  <testsuite name="quartobook-methods" timestamp="2023-03-09T16:33:10Z" hostname="6d434048faed" tests="1" skipped="0" failures="0" errors="0" time="0.008">
    <testcase time="0.00800000000000001" classname="quartobook_methods" name="multiplication_works"/>
  </testsuite>
  <testsuite name="quartowebsite-class" timestamp="2023-03-09T16:33:10Z" hostname="6d434048faed" tests="1" skipped="0" failures="0" errors="0" time="0.009">
    <testcase time="0.0089999999999999" classname="quartowebsite_class" name="multiplication_works"/>
  </testsuite>
  <testsuite name="quartowebsite-methods" timestamp="2023-03-09T16:33:10Z" hostname="6d434048faed" tests="27" skipped="0" failures="0" errors="0" time="0.22">
    <testcase time="0.018" classname="quartowebsite_methods" name="addTemplatePath_fails_elegantly_with_bad_inputs"/>
    <testcase time="0.00500000000000012" classname="quartowebsite_methods" name="addTemplatePath_fails_elegantly_with_bad_inputs"/>
    <testcase time="0.00600000000000001" classname="quartowebsite_methods" name="addTemplatePath_fails_elegantly_with_bad_inputs"/>
    <testcase time="0.00099999999999989" classname="quartowebsite_methods" name="addTemplatePath_fails_elegantly_with_bad_inputs"/>
    <testcase time="0.00600000000000001" classname="quartowebsite_methods" name="addTemplatePath_fails_elegantly_with_bad_inputs"/>
    <testcase time="0.00500000000000012" classname="quartowebsite_methods" name="addTemplatePath_fails_elegantly_with_bad_inputs"/>
    <testcase time="0.0109999999999999" classname="quartowebsite_methods" name="addTemplatePath_works_correctly"/>
    <testcase time="0.00900000000000012" classname="quartowebsite_methods" name="addTemplatePath_works_correctly"/>
    <testcase time="0.01" classname="quartowebsite_methods" name="removeTemplatePath_fails_elegantly_with_bad_inputs"/>
    <testcase time="0.00599999999999978" classname="quartowebsite_methods" name="removeTemplatePath_fails_elegantly_with_bad_inputs"/>
    <testcase time="0.00500000000000012" classname="quartowebsite_methods" name="removeTemplatePath_fails_elegantly_with_bad_inputs"/>
    <testcase time="0.01" classname="quartowebsite_methods" name="removeTemplatePath_works_correctly"/>
    <testcase time="0.0109999999999999" classname="quartowebsite_methods" name="removeTemplatePath_works_correctly"/>
    <testcase time="0.00800000000000001" classname="quartowebsite_methods" name="removeTemplatePath_works_correctly"/>
    <testcase time="0.00500000000000012" classname="quartowebsite_methods" name="removeTemplatePath_works_correctly"/>
    <testcase time="0.01" classname="quartowebsite_methods" name="locateTemplate_fails_elegantly_with_bad_inputs"/>
    <testcase time="0.0130000000000001" classname="quartowebsite_methods" name="locateTemplate_fails_elegantly_with_bad_inputs"/>
    <testcase time="0.01" classname="quartowebsite_methods" name="locateTemplate_fails_elegantly_with_bad_inputs"/>
    <testcase time="0.00600000000000001" classname="quartowebsite_methods" name="locateTemplate_fails_elegantly_with_bad_inputs"/>
    <testcase time="0.012" classname="quartowebsite_methods" name="locateTemplate_works"/>
    <testcase time="0.00499999999999989" classname="quartowebsite_methods" name="locateTemplate_works"/>
    <testcase time="0.01" classname="quartowebsite_methods" name="locateTemplate_works"/>
    <testcase time="0.00600000000000001" classname="quartowebsite_methods" name="locateTemplate_works"/>
    <testcase time="0.014" classname="quartowebsite_methods" name="locateTemplate_works"/>
    <testcase time="0.00600000000000001" classname="quartowebsite_methods" name="locateTemplate_works"/>
    <testcase time="0.00499999999999989" classname="quartowebsite_methods" name="locateTemplate_works"/>
    <testcase time="0.0069999999999999" classname="quartowebsite_methods" name="locateTemplate_works"/>
  </testsuite>
  <testsuite name="ymlthis" timestamp="2023-03-09T16:33:10Z" hostname="6d434048faed" tests="25" skipped="0" failures="0" errors="0" time="0.412">
    <testcase time="0.012" classname="ymlthis" name="yml_book_works"/>
    <testcase time="0.004" classname="ymlthis" name="yml_book_works"/>
    <testcase time="0.004" classname="ymlthis" name="yml_book_works"/>
    <testcase time="0.0110000000000001" classname="ymlthis" name="yml_project_works"/>
    <testcase time="0.00600000000000001" classname="ymlthis" name="yml_project_works"/>
    <testcase time="0.0129999999999999" classname="ymlthis" name="yml_project_works"/>
    <testcase time="0.00800000000000001" classname="ymlthis" name="yml_project_works"/>
    <testcase time="0.00600000000000001" classname="ymlthis" name="yml_project_works"/>
    <testcase time="0.004" classname="ymlthis" name="yml_project_works"/>
    <testcase time="0.00700000000000012" classname="ymlthis" name="yml_project_works"/>
    <testcase time="0.0089999999999999" classname="ymlthis" name="parameterTibbleToYAML_works"/>
    <testcase time="0.00800000000000001" classname="ymlthis" name="parameterTibbleToYAML_works"/>
    <testcase time="0.0920000000000001" classname="ymlthis" name="parameterTibbleToYAML_works"/>
    <testcase time="0.0089999999999999" classname="ymlthis" name=".readYamlFrontMatter_fails_gracefully_with_bad_input"/>
    <testcase time="0.00600000000000023" classname="ymlthis" name=".readYamlFrontMatter_fails_gracefully_with_bad_input"/>
    <testcase time="0.0699999999999998" classname="ymlthis" name=".readYamlFrontMatter_works"/>
    <testcase time="0.0089999999999999" classname="ymlthis" name="replaceYamlParams_fails_gracefully_with_bad_input"/>
    <testcase time="0.00600000000000023" classname="ymlthis" name="replaceYamlParams_fails_gracefully_with_bad_input"/>
    <testcase time="0.00599999999999978" classname="ymlthis" name="replaceYamlParams_fails_gracefully_with_bad_input"/>
    <testcase time="0.0880000000000001" classname="ymlthis" name="replaceYamlParams_fails_gracefully_with_bad_input"/>
    <testcase time="0.00599999999999978" classname="ymlthis" name="replaceYamlParams_fails_gracefully_with_bad_input"/>
    <testcase time="0.00600000000000023" classname="ymlthis" name="replaceYamlParams_fails_gracefully_with_bad_input"/>
    <testcase time="0.00599999999999978" classname="ymlthis" name="replaceYamlParams_fails_gracefully_with_bad_input"/>
    <testcase time="0.00600000000000023" classname="ymlthis" name="replaceYamlParams_fails_gracefully_with_bad_input"/>
    <testcase time="0.00999999999999979" classname="ymlthis" name="replaceYamlParams_works"/>
  </testsuite>
</testsuites>
