<?xml version="1.0" encoding="UTF-8"?>
<testsuites>
  <testsuite name="checkmate" timestamp="2023-03-08T15:07:24Z" hostname="20e8ae650df2" tests="1" skipped="0" failures="0" errors="0" time="0.101">
    <testcase time="0.101" classname="checkmate" name="multiplication_works"/>
  </testsuite>
  <testsuite name="helpers-publish" timestamp="2023-03-08T15:07:24Z" hostname="20e8ae650df2" tests="18" skipped="0" failures="1" errors="0" time="0.47">
    <testcase time="0.08" classname="helpers_publish" name=".prepareToPublish_fails_gracefully_with_bad_input"/>
    <testcase time="0.00600000000000001" classname="helpers_publish" name=".prepareToPublish_fails_gracefully_with_bad_input"/>
    <testcase time="0.014" classname="helpers_publish" name=".prepareToPublish_fails_gracefully_with_bad_input"/>
    <testcase time="0.005" classname="helpers_publish" name=".prepareToPublish_fails_gracefully_with_bad_input"/>
    <testcase time="0.00600000000000001" classname="helpers_publish" name=".prepareToPublish_fails_gracefully_with_bad_input"/>
    <testcase time="0.00600000000000001" classname="helpers_publish" name=".prepareToPublish_fails_gracefully_with_bad_input"/>
    <testcase time="0.0529999999999999" classname="helpers_publish" name=".prepareToPublish_fails_gracefully_with_bad_input">
      <failure type="failure" message="`.prepareToPublish(tempdir(), &quot;outFile&quot;, &quot;/badPath&quot;)` did not throw the expected error. ('test-helpers-publish.R:29')">`.prepareToPublish(tempdir(), "outFile", "/badPath")` did not throw the expected error.</failure>
    </testcase>
    <testcase time="0.195" classname="helpers_publish" name=".prepareToPublish_works"/>
    <testcase time="0.01" classname="helpers_publish" name=".prepareToPublish_works"/>
    <testcase time="0.00700000000000001" classname="helpers_publish" name=".prepareToPublish_works"/>
    <testcase time="0.0159999999999999" classname="helpers_publish" name=".prepareToPublish_works"/>
    <testcase time="0.017" classname="helpers_publish" name="processProjectYAML_fails_gracefully_with_bad_input"/>
    <testcase time="0.00900000000000001" classname="helpers_publish" name="processProjectYAML_fails_gracefully_with_bad_input"/>
    <testcase time="0.00900000000000001" classname="helpers_publish" name="processProjectYAML_fails_gracefully_with_bad_input"/>
    <testcase time="0.00800000000000001" classname="helpers_publish" name="processProjectYAML_fails_gracefully_with_bad_input"/>
    <testcase time="0.00900000000000012" classname="helpers_publish" name="processProjectYAML_fails_gracefully_with_bad_input"/>
    <testcase time="0.0119999999999998" classname="helpers_publish" name="processProjectYAML_fails_gracefully_with_bad_input"/>
    <testcase time="0.00800000000000001" classname="helpers_publish" name="processProjectYAML_fails_gracefully_with_bad_input"/>
  </testsuite>
  <testsuite name="helpers" timestamp="2023-03-08T15:07:25Z" hostname="20e8ae650df2" tests="20" skipped="0" failures="0" errors="0" time="0.157">
    <testcase time="0.022" classname="helpers" name="isQuartoBook_works"/>
    <testcase time="0.004" classname="helpers" name="isQuartoBook_works"/>
    <testcase time="0.054" classname="helpers" name="isQuartoBook_works"/>
    <testcase time="0.00300000000000011" classname="helpers" name="isQuartoBook_works"/>
    <testcase time="0.00499999999999989" classname="helpers" name="isQuartoBook_works"/>
    <testcase time="0.00600000000000001" classname="helpers" name="isQuartoDocument_works"/>
    <testcase time="0.004" classname="helpers" name="isQuartoDocument_works"/>
    <testcase time="0.00300000000000011" classname="helpers" name="isQuartoDocument_works"/>
    <testcase time="0.004" classname="helpers" name="isQuartoDocument_works"/>
    <testcase time="0.004" classname="helpers" name="isQuartoDocument_works"/>
    <testcase time="0.00599999999999978" classname="helpers" name="isQuartoWebsite_works"/>
    <testcase time="0.004" classname="helpers" name="isQuartoWebsite_works"/>
    <testcase time="0.004" classname="helpers" name="isQuartoWebsite_works"/>
    <testcase time="0.00300000000000011" classname="helpers" name="isQuartoWebsite_works"/>
    <testcase time="0.00499999999999989" classname="helpers" name="isQuartoWebsite_works"/>
    <testcase time="0.00600000000000001" classname="helpers" name="isQuartoObject_works"/>
    <testcase time="0.00700000000000012" classname="helpers" name="isQuartoObject_works"/>
    <testcase time="0.00499999999999989" classname="helpers" name="isQuartoObject_works"/>
    <testcase time="0.004" classname="helpers" name="isQuartoObject_works"/>
    <testcase time="0.004" classname="helpers" name="isQuartoObject_works"/>
  </testsuite>
  <testsuite name="quartobook-class" timestamp="2023-03-08T15:07:25Z" hostname="20e8ae650df2" tests="1" skipped="0" failures="0" errors="0" time="0.01">
    <testcase time="0.01" classname="quartobook_class" name="multiplication_works"/>
  </testsuite>
  <testsuite name="quartobook-methods" timestamp="2023-03-08T15:07:25Z" hostname="20e8ae650df2" tests="1" skipped="0" failures="0" errors="0" time="0.009">
    <testcase time="0.00900000000000012" classname="quartobook_methods" name="multiplication_works"/>
  </testsuite>
  <testsuite name="quartowebsite-class" timestamp="2023-03-08T15:07:25Z" hostname="20e8ae650df2" tests="1" skipped="0" failures="0" errors="0" time="0.009">
    <testcase time="0.0089999999999999" classname="quartowebsite_class" name="multiplication_works"/>
  </testsuite>
  <testsuite name="quartowebsite-methods" timestamp="2023-03-08T15:07:25Z" hostname="20e8ae650df2" tests="27" skipped="0" failures="0" errors="0" time="0.27">
    <testcase time="0.0150000000000001" classname="quartowebsite_methods" name="addTemplatePath_fails_elegantly_with_bad_inputs"/>
    <testcase time="0.00600000000000001" classname="quartowebsite_methods" name="addTemplatePath_fails_elegantly_with_bad_inputs"/>
    <testcase time="0.00499999999999989" classname="quartowebsite_methods" name="addTemplatePath_fails_elegantly_with_bad_inputs"/>
    <testcase time="0.00100000000000011" classname="quartowebsite_methods" name="addTemplatePath_fails_elegantly_with_bad_inputs"/>
    <testcase time="0.00800000000000001" classname="quartowebsite_methods" name="addTemplatePath_fails_elegantly_with_bad_inputs"/>
    <testcase time="0.00600000000000001" classname="quartowebsite_methods" name="addTemplatePath_fails_elegantly_with_bad_inputs"/>
    <testcase time="0.0110000000000001" classname="quartowebsite_methods" name="addTemplatePath_works_correctly"/>
    <testcase time="0.00599999999999978" classname="quartowebsite_methods" name="addTemplatePath_works_correctly"/>
    <testcase time="0.0110000000000001" classname="quartowebsite_methods" name="removeTemplatePath_fails_elegantly_with_bad_inputs"/>
    <testcase time="0.00600000000000001" classname="quartowebsite_methods" name="removeTemplatePath_fails_elegantly_with_bad_inputs"/>
    <testcase time="0.00499999999999989" classname="quartowebsite_methods" name="removeTemplatePath_fails_elegantly_with_bad_inputs"/>
    <testcase time="0.012" classname="quartowebsite_methods" name="removeTemplatePath_works_correctly"/>
    <testcase time="0.0110000000000001" classname="quartowebsite_methods" name="removeTemplatePath_works_correctly"/>
    <testcase time="0.0089999999999999" classname="quartowebsite_methods" name="removeTemplatePath_works_correctly"/>
    <testcase time="0.00500000000000012" classname="quartowebsite_methods" name="removeTemplatePath_works_correctly"/>
    <testcase time="0.0110000000000001" classname="quartowebsite_methods" name="locateTemplate_fails_elegantly_with_bad_inputs"/>
    <testcase time="0.014" classname="quartowebsite_methods" name="locateTemplate_fails_elegantly_with_bad_inputs"/>
    <testcase time="0.0069999999999999" classname="quartowebsite_methods" name="locateTemplate_fails_elegantly_with_bad_inputs"/>
    <testcase time="0.00600000000000001" classname="quartowebsite_methods" name="locateTemplate_fails_elegantly_with_bad_inputs"/>
    <testcase time="0.0549999999999999" classname="quartowebsite_methods" name="locateTemplate_works"/>
    <testcase time="0.00700000000000012" classname="quartowebsite_methods" name="locateTemplate_works"/>
    <testcase time="0.0109999999999999" classname="quartowebsite_methods" name="locateTemplate_works"/>
    <testcase time="0.00600000000000001" classname="quartowebsite_methods" name="locateTemplate_works"/>
    <testcase time="0.016" classname="quartowebsite_methods" name="locateTemplate_works"/>
    <testcase time="0.00700000000000012" classname="quartowebsite_methods" name="locateTemplate_works"/>
    <testcase time="0.00499999999999989" classname="quartowebsite_methods" name="locateTemplate_works"/>
    <testcase time="0.00800000000000001" classname="quartowebsite_methods" name="locateTemplate_works"/>
  </testsuite>
  <testsuite name="ymlthis" timestamp="2023-03-08T15:07:25Z" hostname="20e8ae650df2" tests="13" skipped="0" failures="0" errors="0" time="0.317">
    <testcase time="0.012" classname="ymlthis" name="yml_book_works"/>
    <testcase time="0.00500000000000012" classname="ymlthis" name="yml_book_works"/>
    <testcase time="0.004" classname="ymlthis" name="yml_book_works"/>
    <testcase time="0.00800000000000001" classname="ymlthis" name="yml_project_works"/>
    <testcase time="0.00600000000000001" classname="ymlthis" name="yml_project_works"/>
    <testcase time="0.0189999999999999" classname="ymlthis" name="yml_project_works"/>
    <testcase time="0.00800000000000001" classname="ymlthis" name="yml_project_works"/>
    <testcase time="0.00600000000000001" classname="ymlthis" name="yml_project_works"/>
    <testcase time="0.004" classname="ymlthis" name="yml_project_works"/>
    <testcase time="0.004" classname="ymlthis" name="yml_project_works"/>
    <testcase time="0.104" classname="ymlthis" name="parameterTibbleToYAML_works"/>
    <testcase time="0.00800000000000001" classname="ymlthis" name="parameterTibbleToYAML_works"/>
    <testcase time="0.129" classname="ymlthis" name="parameterTibbleToYAML_works"/>
  </testsuite>
</testsuites>
