<?xml version="1.0" encoding="UTF-8"?>
<testsuites>
  <testsuite name="checkmate" timestamp="2023-03-06T09:55:50Z" hostname="aeac390799ed" tests="1" skipped="0" failures="0" errors="0" time="0.078">
    <testcase time="0.078" classname="checkmate" name="multiplication_works"/>
  </testsuite>
  <testsuite name="helpers" timestamp="2023-03-06T09:55:50Z" hostname="aeac390799ed" tests="15" skipped="0" failures="0" errors="0" time="0.151">
    <testcase time="0.045" classname="helpers" name="isQuartoBook_works"/>
    <testcase time="0.016" classname="helpers" name="isQuartoBook_works"/>
    <testcase time="0.0459999999999999" classname="helpers" name="isQuartoBook_works"/>
    <testcase time="0.004" classname="helpers" name="isQuartoBook_works"/>
    <testcase time="0.003" classname="helpers" name="isQuartoBook_works"/>
    <testcase time="0.005" classname="helpers" name="isQuartoDocument_works"/>
    <testcase time="0.004" classname="helpers" name="isQuartoDocument_works"/>
    <testcase time="0.003" classname="helpers" name="isQuartoDocument_works"/>
    <testcase time="0.003" classname="helpers" name="isQuartoDocument_works"/>
    <testcase time="0.003" classname="helpers" name="isQuartoDocument_works"/>
    <testcase time="0.00600000000000001" classname="helpers" name="isQuartoWebsite_works"/>
    <testcase time="0.003" classname="helpers" name="isQuartoWebsite_works"/>
    <testcase time="0.003" classname="helpers" name="isQuartoWebsite_works"/>
    <testcase time="0.004" classname="helpers" name="isQuartoWebsite_works"/>
    <testcase time="0.003" classname="helpers" name="isQuartoWebsite_works"/>
  </testsuite>
  <testsuite name="quartobook-class" timestamp="2023-03-06T09:55:51Z" hostname="aeac390799ed" tests="1" skipped="0" failures="0" errors="0" time="0.021">
    <testcase time="0.021" classname="quartobook_class" name="multiplication_works"/>
  </testsuite>
  <testsuite name="quartobook-methods" timestamp="2023-03-06T09:55:51Z" hostname="aeac390799ed" tests="1" skipped="0" failures="0" errors="0" time="0.008">
    <testcase time="0.00800000000000001" classname="quartobook_methods" name="multiplication_works"/>
  </testsuite>
  <testsuite name="quartowebsite-class" timestamp="2023-03-06T09:55:51Z" hostname="aeac390799ed" tests="1" skipped="0" failures="0" errors="0" time="0.008">
    <testcase time="0.00800000000000001" classname="quartowebsite_class" name="multiplication_works"/>
  </testsuite>
  <testsuite name="quartowebsite-methods" timestamp="2023-03-06T09:55:51Z" hostname="aeac390799ed" tests="27" skipped="0" failures="0" errors="0" time="0.227">
    <testcase time="0.027" classname="quartowebsite_methods" name="addTemplatePath_fails_elegantly_with_bad_inputs"/>
    <testcase time="0.00600000000000001" classname="quartowebsite_methods" name="addTemplatePath_fails_elegantly_with_bad_inputs"/>
    <testcase time="0.00499999999999989" classname="quartowebsite_methods" name="addTemplatePath_fails_elegantly_with_bad_inputs"/>
    <testcase time="0.001" classname="quartowebsite_methods" name="addTemplatePath_fails_elegantly_with_bad_inputs"/>
    <testcase time="0.005" classname="quartowebsite_methods" name="addTemplatePath_fails_elegantly_with_bad_inputs"/>
    <testcase time="0.005" classname="quartowebsite_methods" name="addTemplatePath_fails_elegantly_with_bad_inputs"/>
    <testcase time="0.00900000000000001" classname="quartowebsite_methods" name="addTemplatePath_works_correctly"/>
    <testcase time="0.004" classname="quartowebsite_methods" name="addTemplatePath_works_correctly"/>
    <testcase time="0.011" classname="quartowebsite_methods" name="removeTemplatePath_fails_elegantly_with_bad_inputs"/>
    <testcase time="0.005" classname="quartowebsite_methods" name="removeTemplatePath_fails_elegantly_with_bad_inputs"/>
    <testcase time="0.005" classname="quartowebsite_methods" name="removeTemplatePath_fails_elegantly_with_bad_inputs"/>
    <testcase time="0.00800000000000001" classname="quartowebsite_methods" name="removeTemplatePath_works_correctly"/>
    <testcase time="0.00600000000000001" classname="quartowebsite_methods" name="removeTemplatePath_works_correctly"/>
    <testcase time="0.005" classname="quartowebsite_methods" name="removeTemplatePath_works_correctly"/>
    <testcase time="0.004" classname="quartowebsite_methods" name="removeTemplatePath_works_correctly"/>
    <testcase time="0.00900000000000001" classname="quartowebsite_methods" name="locateTemplate_fails_elegantly_with_bad_inputs"/>
    <testcase time="0.013" classname="quartowebsite_methods" name="locateTemplate_fails_elegantly_with_bad_inputs"/>
    <testcase time="0.005" classname="quartowebsite_methods" name="locateTemplate_fails_elegantly_with_bad_inputs"/>
    <testcase time="0.00600000000000001" classname="quartowebsite_methods" name="locateTemplate_fails_elegantly_with_bad_inputs"/>
    <testcase time="0.0449999999999999" classname="quartowebsite_methods" name="locateTemplate_works"/>
    <testcase time="0.005" classname="quartowebsite_methods" name="locateTemplate_works"/>
    <testcase time="0.00800000000000001" classname="quartowebsite_methods" name="locateTemplate_works"/>
    <testcase time="0.005" classname="quartowebsite_methods" name="locateTemplate_works"/>
    <testcase time="0.00800000000000001" classname="quartowebsite_methods" name="locateTemplate_works"/>
    <testcase time="0.005" classname="quartowebsite_methods" name="locateTemplate_works"/>
    <testcase time="0.005" classname="quartowebsite_methods" name="locateTemplate_works"/>
    <testcase time="0.00700000000000001" classname="quartowebsite_methods" name="locateTemplate_works"/>
  </testsuite>
  <testsuite name="ymlthis" timestamp="2023-03-06T09:55:51Z" hostname="aeac390799ed" tests="3" skipped="0" failures="0" errors="0" time="0.02">
    <testcase time="0.01" classname="ymlthis" name="yml_book_works"/>
    <testcase time="0.00700000000000001" classname="ymlthis" name="yml_book_works"/>
    <testcase time="0.003" classname="ymlthis" name="yml_book_works"/>
  </testsuite>
</testsuites>
